<?xml version="1.0" encoding="UTF-8"?>
<!-- Generated by org.testng.reporters.JUnitReportReporter -->
<testsuite hostname="DESKTOP-88O46TK" failures="0" tests="1" name="com.apitest.SingleUserRepoTest" time="6.527" errors="0" timestamp="2023-03-27T23:17:00 IST" skipped="0">
  <testcase classname="com.apitest.SingleUserRepoTest" name="getSingleUserWithValidAuth" time="6.527"/>
  <system-out/>
</testsuite> <!-- com.apitest.SingleUserRepoTest -->
